<?xml version="1.0" encoding="UTF-8"?>
<testng-results ignored="0" total="3" passed="3" failed="0" skipped="0">
  <reporter-output>
  </reporter-output>
  <suite started-at="2024-02-08T00:32:00 IST" name="Default suite" finished-at="2024-02-08T00:32:03 IST" duration-ms="3098">
    <groups>
    </groups>
    <test started-at="2024-02-08T00:32:00 IST" name="Default test" finished-at="2024-02-08T00:32:03 IST" duration-ms="3098">
      <class name="jsonPractice.TestNgParameterization">
        <test-method signature="AddBook(java.lang.String,java.lang.String)[pri:0, instance:jsonPractice.TestNgParameterization@434a63ab]" started-at="2024-02-08T00:32:00 IST" name="AddBook" data-provider="booksData" finished-at="2024-02-08T00:32:02 IST" duration-ms="2527" status="PASS">
          <params>
            <param index="0">
              <value>
                <![CDATA[asasaf]]>
              </value>
            </param>
            <param index="1">
              <value>
                <![CDATA[124115]]>
              </value>
            </param>
          </params>
          <reporter-output>
          </reporter-output>
        </test-method> <!-- AddBook -->
        <test-method signature="AddBook(java.lang.String,java.lang.String)[pri:0, instance:jsonPractice.TestNgParameterization@434a63ab]" started-at="2024-02-08T00:32:03 IST" name="AddBook" data-provider="booksData" finished-at="2024-02-08T00:32:03 IST" duration-ms="256" status="PASS">
          <params>
            <param index="0">
              <value>
                <![CDATA[qettqw]]>
              </value>
            </param>
            <param index="1">
              <value>
                <![CDATA[1425]]>
              </value>
            </param>
          </params>
          <reporter-output>
          </reporter-output>
        </test-method> <!-- AddBook -->
        <test-method signature="AddBook(java.lang.String,java.lang.String)[pri:0, instance:jsonPractice.TestNgParameterization@434a63ab]" started-at="2024-02-08T00:32:03 IST" name="AddBook" data-provider="booksData" finished-at="2024-02-08T00:32:03 IST" duration-ms="254" status="PASS">
          <params>
            <param index="0">
              <value>
                <![CDATA[zxvzvzx]]>
              </value>
            </param>
            <param index="1">
              <value>
                <![CDATA[87070]]>
              </value>
            </param>
          </params>
          <reporter-output>
          </reporter-output>
        </test-method> <!-- AddBook -->
      </class> <!-- jsonPractice.TestNgParameterization -->
    </test> <!-- Default test -->
  </suite> <!-- Default suite -->
</testng-results>
